Build started 10/6/2017 10:41:38 PM.
     1>Project "C:\Users\IAA\Documents\Visual Studio 2012\Projects\Project2\Project2\Project2.vcxproj" on node 2 (Build target(s)).
     1>ClCompile:
         C:\Program Files\Microsoft Visual Studio 11.0\VC\bin\CL.exe /c /ZI /nologo /W3 /WX- /Od /Oy- /D _MBCS /Gm /EHsc /RTC1 /MDd /GS /fp:precise /Zc:wchar_t /Zc:forScope /Fo"Debug\\" /Fd"Debug\vc110.pdb" /Gd /TP /analyze- /errorReport:prompt Source.cpp
         Source.cpp
     1>c:\users\iaa\documents\visual studio 2012\projects\project2\project2\source.cpp(13): warning C4018: '<' : signed/unsigned mismatch
     1>c:\users\iaa\documents\visual studio 2012\projects\project2\project2\source.cpp(34): warning C4018: '<' : signed/unsigned mismatch
     1>c:\users\iaa\documents\visual studio 2012\projects\project2\project2\source.cpp(42): warning C4018: '<' : signed/unsigned mismatch
     1>c:\users\iaa\documents\visual studio 2012\projects\project2\project2\source.cpp(43): warning C4018: '<' : signed/unsigned mismatch
     1>c:\users\iaa\documents\visual studio 2012\projects\project2\project2\source.cpp(60): warning C4018: '<' : signed/unsigned mismatch
     1>c:\users\iaa\documents\visual studio 2012\projects\project2\project2\source.cpp(63): warning C4018: '<' : signed/unsigned mismatch
     1>c:\users\iaa\documents\visual studio 2012\projects\project2\project2\source.cpp(100): warning C4018: '<=' : signed/unsigned mismatch
     1>c:\users\iaa\documents\visual studio 2012\projects\project2\project2\source.cpp(102): warning C4018: '<' : signed/unsigned mismatch
     1>c:\users\iaa\documents\visual studio 2012\projects\project2\project2\source.cpp(117): warning C4018: '<' : signed/unsigned mismatch
     1>c:\users\iaa\documents\visual studio 2012\projects\project2\project2\source.cpp(157): warning C4018: '<' : signed/unsigned mismatch
       Link:
         C:\Program Files\Microsoft Visual Studio 11.0\VC\bin\link.exe /ERRORREPORT:PROMPT /OUT:"C:\Users\IAA\Documents\Visual Studio 2012\Projects\Project2\Debug\Project2.exe" /INCREMENTAL /NOLOGO kernel32.lib user32.lib gdi32.lib winspool.lib comdlg32.lib advapi32.lib shell32.lib ole32.lib oleaut32.lib uuid.lib odbc32.lib odbccp32.lib /MANIFEST /MANIFESTUAC:"level='asInvoker' uiAccess='false'" /manifest:embed /DEBUG /PDB:"C:\Users\IAA\Documents\Visual Studio 2012\Projects\Project2\Debug\Project2.pdb" /TLBID:1 /DYNAMICBASE /NXCOMPAT /IMPLIB:"C:\Users\IAA\Documents\Visual Studio 2012\Projects\Project2\Debug\Project2.lib" /MACHINE:X86 Debug\Source.obj
         Project2.vcxproj -> C:\Users\IAA\Documents\Visual Studio 2012\Projects\Project2\Debug\Project2.exe
     1>Done Building Project "C:\Users\IAA\Documents\Visual Studio 2012\Projects\Project2\Project2\Project2.vcxproj" (Build target(s)).

Build succeeded.

Time Elapsed 00:00:02.02
